<?xml version="1.0" encoding="UTF-8"?>
<!-- Generated by org.testng.reporters.JUnitReportReporter -->
<testsuite hostname="ASISH" failures="0" tests="1" name="com.medicare.test.Script006DeleteProduct" time="2.294" errors="0" timestamp="2023-11-15T12:09:36 IST" skipped="0">
  <testcase classname="com.medicare.test.Script006DeleteProduct" name="delete_product" time="2.294"/>
  <system-out/>
</testsuite> <!-- com.medicare.test.Script006DeleteProduct -->
