<?xml version="1.0" encoding="UTF-8"?>
<!-- Generated by org.testng.reporters.JUnitReportReporter -->
<testsuite hostname="ASISH" failures="0" tests="1" name="com.medicare.test.Script003AddProduct" time="2.361" errors="0" timestamp="2023-11-15T12:06:01 IST" skipped="0">
  <testcase classname="com.medicare.test.Script003AddProduct" name="AddProduct" time="2.361"/>
  <system-out/>
</testsuite> <!-- com.medicare.test.Script003AddProduct -->
