<?xml version="1.0" encoding="UTF-8"?>
<!-- Generated by org.testng.reporters.JUnitReportReporter -->
<testsuite hostname="ASISH" failures="0" tests="1" name="com.medicare.test.Script004UpdateProduct" time="2.523" errors="0" timestamp="2023-11-15T12:06:52 IST" skipped="0">
  <testcase classname="com.medicare.test.Script004UpdateProduct" name="Upadate_Product" time="2.523"/>
  <system-out/>
</testsuite> <!-- com.medicare.test.Script004UpdateProduct -->
