<?xml version="1.0" encoding="UTF-8"?>
<!-- Generated by org.testng.reporters.JUnitReportReporter -->
<testsuite hostname="ASISH" failures="0" tests="1" name="com.medicare.test.Script001GETAllProducts" time="1.677" errors="0" timestamp="2023-11-15T12:03:38 IST" skipped="0">
  <testcase classname="com.medicare.test.Script001GETAllProducts" name="getAllProducts" time="1.677"/>
  <system-out/>
</testsuite> <!-- com.medicare.test.Script001GETAllProducts -->
