<?xml version="1.0" encoding="UTF-8"?>
<!-- Generated by org.testng.reporters.JUnitReportReporter -->
<testsuite hostname="ASISH" failures="0" tests="1" name="com.medicare.test.Script002GETAllRegisteredUsers" time="1.592" errors="0" timestamp="2023-11-15T12:05:03 IST" skipped="0">
  <testcase classname="com.medicare.test.Script002GETAllRegisteredUsers" name="getAllRegisteredUsers" time="1.592"/>
  <system-out/>
</testsuite> <!-- com.medicare.test.Script002GETAllRegisteredUsers -->
