<?xml version="1.0" encoding="UTF-8"?>
<!-- Generated by org.testng.reporters.JUnitReportReporter -->
<testsuite hostname="ASISH" failures="0" tests="1" name="com.medicare.test.Script005UpdateProductStatus" time="2.436" errors="0" timestamp="2023-11-15T12:07:49 IST" skipped="0">
  <testcase classname="com.medicare.test.Script005UpdateProductStatus" name="Upadate_Product_Status" time="2.436"/>
  <system-out/>
</testsuite> <!-- com.medicare.test.Script005UpdateProductStatus -->
