<?xml version="1.0" encoding="UTF-8"?>
<!-- Generated by org.testng.reporters.JUnitReportReporter -->
<testsuite hostname="ASISH" failures="0" tests="1" name="com.medicare.test.Script004UpdateProductStatus" time="2.329" errors="0" timestamp="2023-11-15T11:58:03 IST" skipped="0">
  <testcase classname="com.medicare.test.Script004UpdateProductStatus" name="Upadate_Product" time="2.329"/>
  <system-out/>
</testsuite> <!-- com.medicare.test.Script004UpdateProductStatus -->
