<?xml version="1.0" encoding="UTF-8"?>
<!-- Generated by org.testng.reporters.JUnitReportReporter -->
<testsuite hostname="ASISH" failures="0" tests="6" name="com.medicare.testpages.MedicarePageTest" time="42.513" errors="0" timestamp="2023-11-15T14:27:53 IST" skipped="0">
  <testcase classname="com.medicare.testpages.MedicarePageTest" name="User_Registration" time="24.757"/>
  <system-out/>
  <testcase classname="com.medicare.testpages.MedicarePageTest" name="User_Login" time="4.608"/>
  <system-out/>
  <testcase classname="com.medicare.testpages.MedicarePageTest" name="Add_To_Cart" time="4.163"/>
  <system-out/>
  <testcase classname="com.medicare.testpages.MedicarePageTest" name="Place_Order" time="8.369"/>
  <system-out/>
  <testcase classname="com.medicare.testpages.MedicarePageTest" name="Search_Product" time="0.339"/>
  <system-out/>
  <testcase classname="com.medicare.testpages.MedicarePageTest" name="Filter_Product" time="0.277"/>
  <system-out/>
</testsuite> <!-- com.medicare.testpages.MedicarePageTest -->
